<?xml version="1.0" encoding="UTF-8"?>
<testsuite name="ru.igsltk.numshome.FuncOpControllerTest" tests="1" skipped="0" failures="0" errors="0" timestamp="2023-09-10T13:35:04" hostname="DESKTOP-4HQ69S5" time="0.007">
  <properties/>
  <testcase name="testDescriminantEndpoint()" classname="ru.igsltk.numshome.FuncOpControllerTest" time="0.007"/>
  <system-out><![CDATA[2023-09-10T17:35:04.584+04:00  INFO 55900 --- [    Test worker] t.c.s.AnnotationConfigContextLoaderUtils : Could not detect default configuration classes for test class [ru.igsltk.numshome.FuncOpControllerTest]: FuncOpControllerTest does not declare any static, non-private, non-final, nested classes annotated with @Configuration.
2023-09-10T17:35:04.589+04:00  INFO 55900 --- [    Test worker] .b.t.c.SpringBootTestContextBootstrapper : Found @SpringBootConfiguration ru.igsltk.numshome.NumshomeApplication for test class ru.igsltk.numshome.FuncOpControllerTest

  .   ____          _            __ _ _
 /\\ / ___'_ __ _ _(_)_ __  __ _ \ \ \ \
( ( )\___ | '_ | '_| | '_ \/ _` | \ \ \ \
 \\/  ___)| |_)| | | | | || (_| |  ) ) ) )
  '  |____| .__|_| |_|_| |_\__, | / / / /
 =========|_|==============|___/=/_/_/_/
 :: Spring Boot ::                (v3.1.2)

2023-09-10T17:35:04.609+04:00  INFO 55900 --- [    Test worker] r.igsltk.numshome.FuncOpControllerTest   : Starting FuncOpControllerTest using Java 19.0.1 with PID 55900 (started by admin in E:\Files\archive\work\Projects\JAVA PROJECTS\NumsHome\gradle)
2023-09-10T17:35:04.609+04:00  INFO 55900 --- [    Test worker] r.igsltk.numshome.FuncOpControllerTest   : No active profile set, falling back to 1 default profile: "default"
2023-09-10T17:35:04.738+04:00  INFO 55900 --- [    Test worker] o.s.b.t.m.w.SpringBootMockServletContext : Initializing Spring TestDispatcherServlet ''
2023-09-10T17:35:04.738+04:00  INFO 55900 --- [    Test worker] o.s.t.web.servlet.TestDispatcherServlet  : Initializing Servlet ''
2023-09-10T17:35:04.739+04:00  INFO 55900 --- [    Test worker] o.s.t.web.servlet.TestDispatcherServlet  : Completed initialization in 1 ms
2023-09-10T17:35:04.742+04:00  INFO 55900 --- [    Test worker] r.igsltk.numshome.FuncOpControllerTest   : Started FuncOpControllerTest in 0.15 seconds (process running for 2.847)
]]></system-out>
  <system-err><![CDATA[]]></system-err>
</testsuite>
