<?xml version="1.0" encoding="UTF-8"?>
<testsuite name="ru.igsltk.numshome.NumshomeApplicationTest" tests="1" skipped="0" failures="0" errors="0" timestamp="2023-09-10T13:35:05" hostname="DESKTOP-4HQ69S5" time="0.002">
  <properties/>
  <testcase name="contextLoads()" classname="ru.igsltk.numshome.NumshomeApplicationTest" time="0.002"/>
  <system-out><![CDATA[2023-09-10T17:35:04.897+04:00  INFO 55900 --- [    Test worker] t.c.s.AnnotationConfigContextLoaderUtils : Could not detect default configuration classes for test class [ru.igsltk.numshome.NumshomeApplicationTest]: NumshomeApplicationTest does not declare any static, non-private, non-final, nested classes annotated with @Configuration.
2023-09-10T17:35:04.899+04:00  INFO 55900 --- [    Test worker] .b.t.c.SpringBootTestContextBootstrapper : Found @SpringBootConfiguration ru.igsltk.numshome.NumshomeApplication for test class ru.igsltk.numshome.NumshomeApplicationTest

  .   ____          _            __ _ _
 /\\ / ___'_ __ _ _(_)_ __  __ _ \ \ \ \
( ( )\___ | '_ | '_| | '_ \/ _` | \ \ \ \
 \\/  ___)| |_)| | | | | || (_| |  ) ) ) )
  '  |____| .__|_| |_|_| |_\__, | / / / /
 =========|_|==============|___/=/_/_/_/
 :: Spring Boot ::                (v3.1.2)

2023-09-10T17:35:04.918+04:00  INFO 55900 --- [    Test worker] r.i.numshome.NumshomeApplicationTest     : Starting NumshomeApplicationTest using Java 19.0.1 with PID 55900 (started by admin in E:\Files\archive\work\Projects\JAVA PROJECTS\NumsHome\gradle)
2023-09-10T17:35:04.918+04:00  INFO 55900 --- [    Test worker] r.i.numshome.NumshomeApplicationTest     : No active profile set, falling back to 1 default profile: "default"
2023-09-10T17:35:05.171+04:00  INFO 55900 --- [    Test worker] r.i.numshome.NumshomeApplicationTest     : Started NumshomeApplicationTest in 0.268 seconds (process running for 3.276)
]]></system-out>
  <system-err><![CDATA[]]></system-err>
</testsuite>
