<?xml version="1.0" encoding="UTF-8"?>
<testsuite name="ru.igsltk.numshome.TrigonomOpControllerTest" tests="4" skipped="0" failures="0" errors="0" timestamp="2023-09-10T13:35:05" hostname="DESKTOP-4HQ69S5" time="0.013">
  <properties/>
  <testcase name="testTanEndpoint()" classname="ru.igsltk.numshome.TrigonomOpControllerTest" time="0.004"/>
  <testcase name="testSinEndpoint()" classname="ru.igsltk.numshome.TrigonomOpControllerTest" time="0.003"/>
  <testcase name="testCosEndpoint()" classname="ru.igsltk.numshome.TrigonomOpControllerTest" time="0.002"/>
  <testcase name="testCtanEndpoint()" classname="ru.igsltk.numshome.TrigonomOpControllerTest" time="0.002"/>
  <system-out><![CDATA[2023-09-10T17:35:05.442+04:00  INFO 55900 --- [    Test worker] t.c.s.AnnotationConfigContextLoaderUtils : Could not detect default configuration classes for test class [ru.igsltk.numshome.TrigonomOpControllerTest]: TrigonomOpControllerTest does not declare any static, non-private, non-final, nested classes annotated with @Configuration.
2023-09-10T17:35:05.445+04:00  INFO 55900 --- [    Test worker] .b.t.c.SpringBootTestContextBootstrapper : Found @SpringBootConfiguration ru.igsltk.numshome.NumshomeApplication for test class ru.igsltk.numshome.TrigonomOpControllerTest

  .   ____          _            __ _ _
 /\\ / ___'_ __ _ _(_)_ __  __ _ \ \ \ \
( ( )\___ | '_ | '_| | '_ \/ _` | \ \ \ \
 \\/  ___)| |_)| | | | | || (_| |  ) ) ) )
  '  |____| .__|_| |_|_| |_\__, | / / / /
 =========|_|==============|___/=/_/_/_/
 :: Spring Boot ::                (v3.1.2)

2023-09-10T17:35:05.465+04:00  INFO 55900 --- [    Test worker] r.i.numshome.TrigonomOpControllerTest    : Starting TrigonomOpControllerTest using Java 19.0.1 with PID 55900 (started by admin in E:\Files\archive\work\Projects\JAVA PROJECTS\NumsHome\gradle)
2023-09-10T17:35:05.465+04:00  INFO 55900 --- [    Test worker] r.i.numshome.TrigonomOpControllerTest    : No active profile set, falling back to 1 default profile: "default"
2023-09-10T17:35:05.554+04:00  INFO 55900 --- [    Test worker] o.s.b.t.m.w.SpringBootMockServletContext : Initializing Spring TestDispatcherServlet ''
2023-09-10T17:35:05.554+04:00  INFO 55900 --- [    Test worker] o.s.t.web.servlet.TestDispatcherServlet  : Initializing Servlet ''
2023-09-10T17:35:05.555+04:00  INFO 55900 --- [    Test worker] o.s.t.web.servlet.TestDispatcherServlet  : Completed initialization in 1 ms
2023-09-10T17:35:05.557+04:00  INFO 55900 --- [    Test worker] r.i.numshome.TrigonomOpControllerTest    : Started TrigonomOpControllerTest in 0.109 seconds (process running for 3.661)
]]></system-out>
  <system-err><![CDATA[]]></system-err>
</testsuite>
